<?xml version="1.0" encoding="UTF-8"?>
<testsuite xmlns:xsi="http://www.w3.org/2001/XMLSchema-instance" xsi:noNamespaceSchemaLocation="https://maven.apache.org/surefire/maven-surefire-plugin/xsd/surefire-test-report-3.0.xsd" version="3.0" name="com.myidea.gym.util.PasswordUpdateTest" time="0.083" tests="1" errors="0" skipped="0" failures="0">
  <properties>
[...]
</properties>
  <testcase name="generatePasswordHashes" classname="com.myidea.gym.util.PasswordUpdateTest" time="0.064">
    <system-out><![CDATA[-- 自动生成的正确密码 Hash (基于 PasswordUtil.hash(username, rawPassword))
Username: admin      | Raw: admin123   | Hash: bf6b5bdb74c79ece9fc0ad0ac9fb0359f9555d4f35a83b2e6ec69ae99e09603d
Username: coach1     | Raw: 123456     | Hash: 667586fab17b3ffe6a1bcd798892c7af34e50bb63f2f648c2fea330f3dee76aa
Username: coach2     | Raw: 123456     | Hash: 7e3009e9a0addecadf34320fe6cf0c8676bc58572492ca61c0dd168a42647e8a
Username: coach3     | Raw: 123456     | Hash: 62d88c11caf634949b6feee663772872cfc30b308e180c52fdf6a4d13b8572ab
Username: coach4     | Raw: 123456     | Hash: 6c1e69b99e04d21af6636e86c68931d45bc850f1d6b3bf93b2a28def777abe67
Username: coach5     | Raw: 123456     | Hash: 08df9f25bfae761856bbb42fe13382c7ef685db9935b49bd114292a342dd6721
Username: member1    | Raw: member123  | Hash: 2c3dac1086c1d0481c1b77f3778e3e2b8d16b28f769df518c08000bc56cc6d12
Username: member2    | Raw: member123  | Hash: 54c6b3532964d57e6c6d8a8d7b0c1bdc6a436d2aac176c8d7d2c98cada41610c
Username: member3    | Raw: member123  | Hash: 7dc45c6858531fd086309e25a5f420dfa3bc6e78fe57cb6a1ad7379172411ed8
Username: member4    | Raw: member123  | Hash: 112025b57e89d507a1a2e4a70a99e341c166900c78d63c6823098715150321c6
Username: member5    | Raw: member123  | Hash: d55803349f2b570383dfa8606ceb3ed8ad5985d2ed98bfde57b0221739244860
Username: member6    | Raw: member123  | Hash: fdb69b7b0f03ab978a9b3219c2bef642a6df0de8cefc869a7041845284a5ccd8
Username: member7    | Raw: member123  | Hash: 3cb2ae7a50052d2677c817f48d038a16617735dbd9786f6a5fd432915dafa7ac
]]></system-out>
  </testcase>
</testsuite>