<?xml version="1.0" encoding="UTF-8"?>
<testsuite xmlns:xsi="http://www.w3.org/2001/XMLSchema-instance" xsi:noNamespaceSchemaLocation="https://maven.apache.org/surefire/maven-surefire-plugin/xsd/surefire-test-report-3.0.xsd" version="3.0" name="com.myidea.gym.service.BookingServiceTest" time="1.695" tests="6" errors="0" skipped="0" failures="0">
  <properties>
[...]
</properties>
  <testcase name="myBookings_shouldAutoFinalizeAfter24Hours" classname="com.myidea.gym.service.BookingServiceTest" time="1.615">
    <system-err><![CDATA[WARNING: A Java agent has been loaded dynamically (D:\develop\Maven\apache-maven-3.6.1-bin\apache-maven-3.6.1\mvn_repo\net\bytebuddy\byte-buddy-agent\1.14.11\byte-buddy-agent-1.14.11.jar)
WARNING: If a serviceability tool is in use, please run with -XX:+EnableDynamicAgentLoading to hide this warning
WARNING: If a serviceability tool is not in use, please run with -Djdk.instrument.traceUsage for more information
WARNING: Dynamic loading of agents will be disallowed by default in a future release
]]></system-err>
  </testcase>
  <testcase name="adminMarkAttendance_shouldAllowOverrideAfter24Hours" classname="com.myidea.gym.service.BookingServiceTest" time="0.009"/>
  <testcase name="markAttendance_shouldRejectCoachUpdateAfter24Hours" classname="com.myidea.gym.service.BookingServiceTest" time="0.008"/>
  <testcase name="cancel_shouldAcceptLegacyUserIdBooking" classname="com.myidea.gym.service.BookingServiceTest" time="0.011"/>
  <testcase name="cancel_shouldRejectLeaveInside24Hours" classname="com.myidea.gym.service.BookingServiceTest" time="0.008"/>
  <testcase name="myBookings_shouldReturnLegacyUserIdBookings" classname="com.myidea.gym.service.BookingServiceTest" time="0.005"/>
</testsuite>